[2025-10-31T03:08:09.593Z] [INFO] Iniciando cliente SOAP
[2025-10-31T03:10:11.182Z] [INFO] Iniciando cliente SOAP
[2025-10-31T03:10:49.155Z] [INFO] Iniciando cliente SOAP
[2025-10-31T03:13:23.713Z] [INFO] Iniciando cliente SOAP
[2025-10-31T03:16:23.068Z] [INFO] Iniciando cliente SOAP
[2025-10-31T03:41:50.464Z] [INFO] Iniciando cliente SOAP
[2025-10-31T03:53:55.019Z] [INFO] Iniciando cliente SOAP
[2025-10-31T04:04:31.869Z] [INFO] Iniciando cliente SOAP
[2025-10-31T04:15:34.431Z] [INFO] Iniciando cliente SOAP
[2025-10-31T04:29:34.178Z] [INFO] Iniciando cliente SOAP
[2025-10-31T04:29:39.572Z] [DEBUG] Enviando petición SOAP para consultar artículo MART001
[2025-10-31T04:30:40.400Z] [INFO] Iniciando cliente SOAP
[2025-10-31T04:30:55.168Z] [DEBUG] Enviando petición SOAP para consultar artículo MART001
[2025-10-31T04:30:55.187Z] [ERROR] Error al consultar artículo: Error desconocido
[2025-10-31T04:31:31.907Z] [INFO] Iniciando cliente SOAP
[2025-10-31T04:31:39.704Z] [DEBUG] Enviando petición SOAP para consultar artículo MART001
[2025-10-31T04:31:39.726Z] [ERROR] Error al consultar artículo: Error desconocido
[2025-10-31T04:37:08.862Z] [INFO] Iniciando cliente SOAP
[2025-10-31T04:37:24.327Z] [DEBUG] Enviando petición SOAP para consultar artículo MART001
[2025-10-31T04:38:56.679Z] [INFO] Iniciando cliente SOAP
[2025-10-31T04:38:56.682Z] [36mINFO[0m: Iniciando cliente SOAP...
[2025-10-31T04:38:56.683Z] [36mINFO[0m: Conectando a: http://192.168.0.109:8080/InventarioService?wsdl
[2025-10-31T04:38:56.841Z] [36mSUCCESS[0m: Conexión exitosa al servicio SOAP
[2025-10-31T04:38:56.842Z] [36mINFO[0m: Operaciones disponibles:
[2025-10-31T04:38:56.844Z] [36mINFO[0m: Obteniendo descripción del servicio SOAP...
[2025-10-31T04:38:56.846Z] [36mINFO[0m: - verificarEstado
[2025-10-31T04:38:56.847Z] [36mINFO[0m: - insertarArticulo
[2025-10-31T04:38:56.848Z] [36mINFO[0m: - listarCategorias
[2025-10-31T04:38:56.849Z] [36mINFO[0m: - listarProveedores
[2025-10-31T04:38:56.850Z] [36mINFO[0m: - actualizarStock
[2025-10-31T04:38:56.851Z] [36mINFO[0m: - consultarArticulo
[2025-10-31T04:38:56.853Z] [36mINFO[0m: Obteniendo descripción del servicio SOAP...
[2025-10-31T04:38:59.929Z] [36mINFO[0m: 
Iniciando operación: listarProveedores
[2025-10-31T04:38:59.930Z] [36mINFO[0m: Obteniendo lista de proveedores...
[2025-10-31T04:38:59.931Z] [36mDEBUG[0m: Enviando petición SOAP: listarProveedores
[2025-10-31T04:38:59.931Z] [36mDEBUG[0m: Argumentos: {}
[2025-10-31T04:38:59.950Z] [36mDEBUG[0m: Respuesta de listarProveedores:
[2025-10-31T04:38:59.951Z] [36mDEBUG[0m: Respuesta recibida (listarProveedores):
[2025-10-31T04:38:59.952Z] [36mDEBUG[0m: {
  "proveedorListResponse": {
    "proveedores": {
      "proveedor": [
        {
          "id": 1,
          "nombre": "Distribuidora Central",
          "contacto": "Juan Pérez",
          "telefono": "555-0101",
          "email": "ventas@distcentral.com",
          "direccion": "Av. Industrial 123"
        },
        {
          "id": 2,
          "nombre": "Ferretería Mayorista",
          "contacto": "María García",
          "telefono": "555-0102",
          "email": "pedidos@ferremayorista.com",
          "direccion": "Calle Comercio 456"
        },
        {
          "id": 3,
          "nombre": "Suministros Técnicos",
          "contacto": "Carlos López",
          "telefono": "555-0103",
          "email": "info@sumtecnicos.com",
          "direccion": "Zona Industrial Norte"
        }
      ]
    }
  }
}
[2025-10-31T04:38:59.954Z] [36mDEBUG[0m: 
=== INICIO RESPUESTA [2025-10-31T04:38:59.954Z] ===
[2025-10-31T04:38:59.955Z] [36mDEBUG[0m: Operación: No especificada
[2025-10-31T04:38:59.961Z] [36mSUCCESS[0m: ✅ Operación completada exitosamente
[2025-10-31T04:38:59.963Z] [36mDEBUG[0m: 
📊 Metadatos adicionales:
[2025-10-31T04:38:59.964Z] [36mDEBUG[0m: proveedorListResponse:
[2025-10-31T04:38:59.965Z] [36mDEBUG[0m:   proveedores:
[2025-10-31T04:38:59.966Z] [36mDEBUG[0m:     proveedor:
[2025-10-31T04:38:59.967Z] [36mDEBUG[0m:       [0]:
[2025-10-31T04:38:59.968Z] [36mDEBUG[0m:         id: 1
[2025-10-31T04:38:59.970Z] [36mDEBUG[0m:         nombre: Distribuidora Central
[2025-10-31T04:38:59.972Z] [36mDEBUG[0m:         contacto: Juan Pérez
[2025-10-31T04:38:59.973Z] [36mDEBUG[0m:         telefono: 555-0101
[2025-10-31T04:38:59.975Z] [36mDEBUG[0m:         email: ventas@distcentral.com
[2025-10-31T04:38:59.977Z] [36mDEBUG[0m:         direccion: Av. Industrial 123
[2025-10-31T04:38:59.978Z] [36mDEBUG[0m:       [1]:
[2025-10-31T04:38:59.980Z] [36mDEBUG[0m:         id: 2
[2025-10-31T04:38:59.982Z] [36mDEBUG[0m:         nombre: Ferretería Mayorista
[2025-10-31T04:38:59.983Z] [36mDEBUG[0m:         contacto: María García
[2025-10-31T04:38:59.985Z] [36mDEBUG[0m:         telefono: 555-0102
[2025-10-31T04:38:59.986Z] [36mDEBUG[0m:         email: pedidos@ferremayorista.com
[2025-10-31T04:38:59.987Z] [36mDEBUG[0m:         direccion: Calle Comercio 456
[2025-10-31T04:38:59.988Z] [36mDEBUG[0m:       [2]:
[2025-10-31T04:38:59.989Z] [36mDEBUG[0m:         id: 3
[2025-10-31T04:38:59.990Z] [36mDEBUG[0m:         nombre: Suministros Técnicos
[2025-10-31T04:38:59.992Z] [36mDEBUG[0m:         contacto: Carlos López
[2025-10-31T04:38:59.993Z] [36mDEBUG[0m:         telefono: 555-0103
[2025-10-31T04:38:59.994Z] [36mDEBUG[0m:         email: info@sumtecnicos.com
[2025-10-31T04:38:59.995Z] [36mDEBUG[0m:         direccion: Zona Industrial Norte
[2025-10-31T04:38:59.997Z] [36mDEBUG[0m: === FIN RESPUESTA EXITOSA ===

[2025-10-31T04:38:59.999Z] [36mINFO[0m: Obteniendo descripción del servicio SOAP...
[2025-10-31T04:39:05.493Z] [36mINFO[0m: 
Iniciando operación: listarCategorias
[2025-10-31T04:39:05.494Z] [36mINFO[0m: Obteniendo lista de categorías...
[2025-10-31T04:39:05.495Z] [36mDEBUG[0m: Enviando petición SOAP: listarCategorias
[2025-10-31T04:39:05.495Z] [36mDEBUG[0m: Argumentos: {}
[2025-10-31T04:39:05.512Z] [31mERROR[0m: Respuesta de listarCategorias:
[2025-10-31T04:39:05.512Z] [31mERROR[0m: Error HTTP undefined: undefined
[2025-10-31T04:39:05.513Z] [36mDEBUG[0m: Headers: {
  "date": "Fri, 31 Oct 2025 04:39:05 GMT",
  "transfer-encoding": "chunked",
  "content-type": "text/xml; charset=utf-8"
}
[2025-10-31T04:39:05.514Z] [31mERROR[0m: Error en listarCategorias: Error desconocido
[2025-10-31T04:39:05.515Z] [31mERROR[0m: Detalles del error:
[2025-10-31T04:39:05.516Z] [31mERROR[0m: {
  "response": {
    "headers": {
      "date": "Fri, 31 Oct 2025 04:39:05 GMT",
      "transfer-encoding": "chunked",
      "content-type": "text/xml; charset=utf-8"
    },
    "data": "<?xml version='1.0' encoding='UTF-8'?><S:Envelope xmlns:S=\"http://schemas.xmlsoap.org/soap/envelope/\"><S:Body>"
  }
}
[2025-10-31T04:39:05.516Z] [36mINFO[0m: Obteniendo descripción del servicio SOAP...
[2025-10-31T04:39:10.857Z] [36mINFO[0m: 
Iniciando operación: consultarArticulo
[2025-10-31T04:39:10.857Z] [36mINFO[0m: Consultando artículo...
[2025-10-31T04:39:13.082Z] [36mINFO[0m: Consultando artículo con código: D
[2025-10-31T04:39:13.083Z] [DEBUG] Enviando petición SOAP para consultar artículo D
[2025-10-31T04:39:13.095Z] [36mINFO[0m: Obteniendo descripción del servicio SOAP...
[2025-10-31T04:39:35.760Z] [36mINFO[0m: 
Iniciando operación: listarCategorias
[2025-10-31T04:39:35.761Z] [36mINFO[0m: Obteniendo lista de categorías...
[2025-10-31T04:39:35.761Z] [36mDEBUG[0m: Enviando petición SOAP: listarCategorias
[2025-10-31T04:39:35.762Z] [36mDEBUG[0m: Argumentos: {}
[2025-10-31T04:39:35.776Z] [31mERROR[0m: Respuesta de listarCategorias:
[2025-10-31T04:39:35.777Z] [31mERROR[0m: Error HTTP undefined: undefined
[2025-10-31T04:39:35.778Z] [36mDEBUG[0m: Headers: {
  "date": "Fri, 31 Oct 2025 04:39:35 GMT",
  "transfer-encoding": "chunked",
  "content-type": "text/xml; charset=utf-8"
}
[2025-10-31T04:39:35.779Z] [31mERROR[0m: Error en listarCategorias: Error desconocido
[2025-10-31T04:39:35.779Z] [31mERROR[0m: Detalles del error:
[2025-10-31T04:39:35.780Z] [31mERROR[0m: {
  "response": {
    "headers": {
      "date": "Fri, 31 Oct 2025 04:39:35 GMT",
      "transfer-encoding": "chunked",
      "content-type": "text/xml; charset=utf-8"
    },
    "data": "<?xml version='1.0' encoding='UTF-8'?><S:Envelope xmlns:S=\"http://schemas.xmlsoap.org/soap/envelope/\"><S:Body>"
  }
}
[2025-10-31T04:39:35.781Z] [36mINFO[0m: Obteniendo descripción del servicio SOAP...
[2025-10-31T04:39:38.875Z] [36mINFO[0m: 
Iniciando operación: consultarArticulo
[2025-10-31T04:39:38.876Z] [36mINFO[0m: Consultando artículo...
[2025-10-31T04:39:46.960Z] [36mINFO[0m: Consultando artículo con código: HERR025
[2025-10-31T04:39:46.961Z] [DEBUG] Enviando petición SOAP para consultar artículo HERR025
[2025-10-31T04:39:46.976Z] [36mINFO[0m: Obteniendo descripción del servicio SOAP...
[2025-10-31T04:41:26.533Z] [INFO] Iniciando cliente SOAP
[2025-10-31T04:41:26.537Z] [36mINFO[0m: Iniciando cliente SOAP...
[2025-10-31T04:41:26.537Z] [36mINFO[0m: Conectando a: http://192.168.0.109:8080/InventarioService?wsdl
[2025-10-31T04:41:26.717Z] [36mSUCCESS[0m: Conexión exitosa al servicio SOAP
[2025-10-31T04:41:26.718Z] [36mINFO[0m: Operaciones disponibles:
[2025-10-31T04:41:26.718Z] [36mINFO[0m: Obteniendo descripción del servicio SOAP...
[2025-10-31T04:41:26.719Z] [36mINFO[0m: - verificarEstado
[2025-10-31T04:41:26.720Z] [36mINFO[0m: - insertarArticulo
[2025-10-31T04:41:26.720Z] [36mINFO[0m: - listarCategorias
[2025-10-31T04:41:26.720Z] [36mINFO[0m: - listarProveedores
[2025-10-31T04:41:26.721Z] [36mINFO[0m: - actualizarStock
[2025-10-31T04:41:26.721Z] [36mINFO[0m: - consultarArticulo
[2025-10-31T04:41:26.722Z] [36mINFO[0m: Obteniendo descripción del servicio SOAP...
[2025-10-31T04:46:48.676Z] [INFO] Iniciando cliente SOAP
[2025-10-31T04:46:48.679Z] [36mINFO[0m: Iniciando cliente SOAP...
[2025-10-31T04:46:48.679Z] [36mINFO[0m: Conectando a: http://192.168.0.109:8080/InventarioService?wsdl
[2025-10-31T04:46:48.847Z] [36mSUCCESS[0m: Conexión exitosa al servicio SOAP
[2025-10-31T04:46:48.848Z] [36mINFO[0m: Operaciones disponibles:
[2025-10-31T04:46:48.849Z] [36mINFO[0m: Obteniendo descripción del servicio SOAP...
[2025-10-31T04:46:48.850Z] [36mINFO[0m: - verificarEstado
[2025-10-31T04:46:48.851Z] [36mINFO[0m: - insertarArticulo
[2025-10-31T04:46:48.851Z] [36mINFO[0m: - listarCategorias
[2025-10-31T04:46:48.852Z] [36mINFO[0m: - listarProveedores
[2025-10-31T04:46:48.852Z] [36mINFO[0m: - actualizarStock
[2025-10-31T04:46:48.853Z] [36mINFO[0m: - consultarArticulo
[2025-10-31T04:46:48.853Z] [36mINFO[0m: Obteniendo descripción del servicio SOAP...
[2025-10-31T04:46:52.093Z] [36mINFO[0m: 
Iniciando operación: listarProveedores
[2025-10-31T04:46:52.094Z] [36mINFO[0m: Obteniendo lista de proveedores...
[2025-10-31T04:46:52.095Z] [36mDEBUG[0m: Enviando petición SOAP: listarProveedores
[2025-10-31T04:46:52.096Z] [36mDEBUG[0m: Argumentos: {}
[2025-10-31T04:46:52.114Z] [36mDEBUG[0m: Respuesta de listarProveedores:
[2025-10-31T04:46:52.115Z] [36mDEBUG[0m: Respuesta recibida (listarProveedores):
[2025-10-31T04:46:52.116Z] [36mDEBUG[0m: {
  "proveedorListResponse": {
    "proveedores": {
      "proveedor": [
        {
          "id": 1,
          "nombre": "Distribuidora Central",
          "contacto": "Juan Pérez",
          "telefono": "555-0101",
          "email": "ventas@distcentral.com",
          "direccion": "Av. Industrial 123"
        },
        {
          "id": 2,
          "nombre": "Ferretería Mayorista",
          "contacto": "María García",
          "telefono": "555-0102",
          "email": "pedidos@ferremayorista.com",
          "direccion": "Calle Comercio 456"
        },
        {
          "id": 3,
          "nombre": "Suministros Técnicos",
          "contacto": "Carlos López",
          "telefono": "555-0103",
          "email": "info@sumtecnicos.com",
          "direccion": "Zona Industrial Norte"
        }
      ]
    }
  }
}
[2025-10-31T04:46:52.118Z] [36mDEBUG[0m: 
=== INICIO RESPUESTA [2025-10-31T04:46:52.118Z] ===
[2025-10-31T04:46:52.119Z] [36mDEBUG[0m: Operación: No especificada
[2025-10-31T04:46:52.124Z] [36mSUCCESS[0m: ✅ Operación completada exitosamente
[2025-10-31T04:46:52.125Z] [36mDEBUG[0m: 
📊 Metadatos adicionales:
[2025-10-31T04:46:52.125Z] [36mDEBUG[0m: proveedorListResponse:
[2025-10-31T04:46:52.125Z] [36mDEBUG[0m:   proveedores:
[2025-10-31T04:46:52.126Z] [36mDEBUG[0m:     proveedor:
[2025-10-31T04:46:52.126Z] [36mDEBUG[0m:       [0]:
[2025-10-31T04:46:52.128Z] [36mDEBUG[0m:         id: 1
[2025-10-31T04:46:52.129Z] [36mDEBUG[0m:         nombre: Distribuidora Central
[2025-10-31T04:46:52.131Z] [36mDEBUG[0m:         contacto: Juan Pérez
[2025-10-31T04:46:52.132Z] [36mDEBUG[0m:         telefono: 555-0101
[2025-10-31T04:46:52.133Z] [36mDEBUG[0m:         email: ventas@distcentral.com
[2025-10-31T04:46:52.135Z] [36mDEBUG[0m:         direccion: Av. Industrial 123
[2025-10-31T04:46:52.136Z] [36mDEBUG[0m:       [1]:
[2025-10-31T04:46:52.137Z] [36mDEBUG[0m:         id: 2
[2025-10-31T04:46:52.139Z] [36mDEBUG[0m:         nombre: Ferretería Mayorista
[2025-10-31T04:46:52.140Z] [36mDEBUG[0m:         contacto: María García
[2025-10-31T04:46:52.142Z] [36mDEBUG[0m:         telefono: 555-0102
[2025-10-31T04:46:52.143Z] [36mDEBUG[0m:         email: pedidos@ferremayorista.com
[2025-10-31T04:46:52.143Z] [36mDEBUG[0m:         direccion: Calle Comercio 456
[2025-10-31T04:46:52.143Z] [36mDEBUG[0m:       [2]:
[2025-10-31T04:46:52.144Z] [36mDEBUG[0m:         id: 3
[2025-10-31T04:46:52.145Z] [36mDEBUG[0m:         nombre: Suministros Técnicos
[2025-10-31T04:46:52.147Z] [36mDEBUG[0m:         contacto: Carlos López
[2025-10-31T04:46:52.148Z] [36mDEBUG[0m:         telefono: 555-0103
[2025-10-31T04:46:52.149Z] [36mDEBUG[0m:         email: info@sumtecnicos.com
[2025-10-31T04:46:52.150Z] [36mDEBUG[0m:         direccion: Zona Industrial Norte
[2025-10-31T04:46:52.152Z] [36mDEBUG[0m: === FIN RESPUESTA EXITOSA ===

[2025-10-31T04:46:52.154Z] [36mINFO[0m: Obteniendo descripción del servicio SOAP...
[2025-10-31T04:46:56.919Z] [36mINFO[0m: 
Iniciando operación: consultarArticulo
[2025-10-31T04:46:56.919Z] [36mINFO[0m: Consultando artículo...
[2025-10-31T04:47:02.978Z] [36mINFO[0m: Consultando artículo con código: MART001
[2025-10-31T04:47:02.994Z] [36mINFO[0m: Obteniendo descripción del servicio SOAP...
[2025-10-31T04:47:21.735Z] [36mINFO[0m: 
Iniciando operación: verificarEstado
[2025-10-31T04:47:21.736Z] [36mDEBUG[0m: Enviando petición SOAP: verificarEstado
[2025-10-31T04:47:21.737Z] [36mDEBUG[0m: Argumentos: {}
[2025-10-31T04:47:21.748Z] [36mDEBUG[0m: Respuesta de verificarEstado:
[2025-10-31T04:47:21.748Z] [36mDEBUG[0m: Respuesta recibida (verificarEstado):
[2025-10-31T04:47:21.749Z] [36mDEBUG[0m: {
  "exitoso": true,
  "mensaje": "Servicio operativo - Base de datos conectada"
}
[2025-10-31T04:47:21.750Z] [36mSUCCESS[0m: Verificación de estado completada
[2025-10-31T04:47:34.315Z] [INFO] Iniciando cliente SOAP
[2025-10-31T04:47:34.318Z] [36mINFO[0m: Iniciando cliente SOAP...
[2025-10-31T04:47:34.319Z] [36mINFO[0m: Conectando a: http://192.168.0.109:8080/InventarioService?wsdl
[2025-10-31T04:47:34.509Z] [36mSUCCESS[0m: Conexión exitosa al servicio SOAP
[2025-10-31T04:47:34.510Z] [36mINFO[0m: Operaciones disponibles:
[2025-10-31T04:47:34.511Z] [36mINFO[0m: Obteniendo descripción del servicio SOAP...
[2025-10-31T04:47:34.512Z] [36mINFO[0m: - verificarEstado
[2025-10-31T04:47:34.512Z] [36mINFO[0m: - insertarArticulo
[2025-10-31T04:47:34.513Z] [36mINFO[0m: - listarCategorias
[2025-10-31T04:47:34.514Z] [36mINFO[0m: - listarProveedores
[2025-10-31T04:47:34.515Z] [36mINFO[0m: - actualizarStock
[2025-10-31T04:47:34.516Z] [36mINFO[0m: - consultarArticulo
[2025-10-31T04:47:34.518Z] [36mINFO[0m: Obteniendo descripción del servicio SOAP...
[2025-10-31T04:47:51.507Z] [36mINFO[0m: 
Iniciando operación: insertarArticulo
[2025-10-31T04:48:21.137Z] [INFO] === INICIANDO CONSULTA DE PROVEEDORES ===
[2025-10-31T04:48:21.138Z] [DEBUG] Enviando petición SOAP a http://192.168.0.109:8080/InventarioService?wsdl
[2025-10-31T04:48:21.139Z] [DEBUG] Opciones: {
  "method": "listarProveedores",
  "params": {},
  "headers": {
    "Content-Type": "text/xml;charset=UTF-8",
    "Accept": "text/xml",
    "SOAPAction": ""
  },
  "timeout": 10000,
  "disableCache": true,
  "forceSoap12Headers": true
}
[2025-10-31T04:48:21.154Z] [INFO] No se encontraron proveedores
[2025-10-31T04:48:32.457Z] [36mDEBUG[0m: {
  "codigo": "MART003",
  "nombre": "MAZO",
  "descripcion": "MAZITO",
  "categoria": {
    "id": null
  },
  "proveedor": {
    "id": null
  },
  "precioCompra": 42,
  "precioVenta": 4,
  "stockActual": 33,
  "stockMinimo": 34
}
[2025-10-31T04:48:32.458Z] [36mDEBUG[0m: Enviando petición SOAP: insertarArticulo
[2025-10-31T04:48:32.459Z] [36mDEBUG[0m: Argumentos: {
  "codigo": "MART003",
  "nombre": "MAZO",
  "descripcion": "MAZITO",
  "categoria": {
    "id": null
  },
  "proveedor": {
    "id": null
  },
  "precioCompra": 42,
  "precioVenta": 4,
  "stockActual": 33,
  "stockMinimo": 34
}
[2025-10-31T04:48:32.484Z] [36mDEBUG[0m: Respuesta de insertarArticulo:
[2025-10-31T04:48:32.485Z] [36mDEBUG[0m: Respuesta recibida (insertarArticulo):
[2025-10-31T04:48:32.486Z] [36mDEBUG[0m: {
  "exitoso": false,
  "mensaje": "Errores de validación: El precio de venta debe ser mayor al precio de compra",
  "codigoError": "VALIDATION_ERROR",
  "tipoError": "VALIDACION"
}
[2025-10-31T04:48:32.487Z] [36mDEBUG[0m: 
=== INICIO RESPUESTA [2025-10-31T04:48:32.487Z] ===
[2025-10-31T04:48:32.487Z] [36mDEBUG[0m: Operación: No especificada
[2025-10-31T04:48:32.488Z] [31mERROR[0m: Operación fallida: Errores de validación: El precio de venta debe ser mayor al precio de compra
[2025-10-31T04:48:32.489Z] [31mERROR[0m: Código de error: VALIDATION_ERROR
[2025-10-31T04:48:32.489Z] [31mERROR[0m: Tipo de error: VALIDACION
[2025-10-31T04:48:32.490Z] [36mDEBUG[0m: === FIN RESPUESTA CON FALLO ===

[2025-10-31T04:48:32.490Z] [36mINFO[0m: Obteniendo descripción del servicio SOAP...
[2025-10-31T05:02:25.994Z] [INFO] Iniciando cliente SOAP
[2025-10-31T05:02:25.998Z] [36mINFO[0m: Iniciando cliente SOAP...
[2025-10-31T05:02:25.999Z] [36mINFO[0m: Conectando a: http://192.168.0.109:8080/InventarioService?wsdl
[2025-10-31T05:02:26.270Z] [36mSUCCESS[0m: Conexión exitosa al servicio SOAP
[2025-10-31T05:02:26.272Z] [36mINFO[0m: Operaciones disponibles:
[2025-10-31T05:02:26.273Z] [36mINFO[0m: Obteniendo descripción del servicio SOAP...
[2025-10-31T05:02:26.275Z] [36mINFO[0m: - verificarEstado
[2025-10-31T05:02:26.276Z] [36mINFO[0m: - insertarArticulo
[2025-10-31T05:02:26.278Z] [36mINFO[0m: - listarCategorias
[2025-10-31T05:02:26.279Z] [36mINFO[0m: - listarProveedores
[2025-10-31T05:02:26.281Z] [36mINFO[0m: - actualizarStock
[2025-10-31T05:02:26.282Z] [36mINFO[0m: - consultarArticulo
[2025-10-31T05:02:26.284Z] [36mINFO[0m: Obteniendo descripción del servicio SOAP...
[2025-10-31T05:02:28.888Z] [36mINFO[0m: 
Iniciando operación: listarProveedores
[2025-10-31T05:02:28.889Z] [36mINFO[0m: Obteniendo lista de proveedores...
[2025-10-31T05:02:28.890Z] [36mDEBUG[0m: Enviando petición SOAP: listarProveedores
[2025-10-31T05:02:28.891Z] [36mDEBUG[0m: Argumentos: {}
[2025-10-31T05:02:28.911Z] [36mDEBUG[0m: Respuesta de listarProveedores:
[2025-10-31T05:02:28.912Z] [36mDEBUG[0m: Respuesta recibida (listarProveedores):
[2025-10-31T05:02:28.913Z] [36mDEBUG[0m: {
  "proveedorListResponse": {
    "proveedores": {
      "proveedor": [
        {
          "id": 1,
          "nombre": "Distribuidora Central",
          "contacto": "Juan Pérez",
          "telefono": "555-0101",
          "email": "ventas@distcentral.com",
          "direccion": "Av. Industrial 123"
        },
        {
          "id": 2,
          "nombre": "Ferretería Mayorista",
          "contacto": "María García",
          "telefono": "555-0102",
          "email": "pedidos@ferremayorista.com",
          "direccion": "Calle Comercio 456"
        },
        {
          "id": 3,
          "nombre": "Suministros Técnicos",
          "contacto": "Carlos López",
          "telefono": "555-0103",
          "email": "info@sumtecnicos.com",
          "direccion": "Zona Industrial Norte"
        }
      ]
    }
  }
}
[2025-10-31T05:02:28.916Z] [36mDEBUG[0m: 
=== INICIO RESPUESTA [2025-10-31T05:02:28.916Z] ===
[2025-10-31T05:02:28.917Z] [36mDEBUG[0m: Operación: No especificada
[2025-10-31T05:02:28.924Z] [36mSUCCESS[0m: ✅ Operación completada exitosamente
[2025-10-31T05:02:28.925Z] [36mDEBUG[0m: 
📊 Metadatos adicionales:
[2025-10-31T05:02:28.926Z] [36mDEBUG[0m: proveedorListResponse:
[2025-10-31T05:02:28.927Z] [36mDEBUG[0m:   proveedores:
[2025-10-31T05:02:28.928Z] [36mDEBUG[0m:     proveedor:
[2025-10-31T05:02:28.928Z] [36mDEBUG[0m:       [0]:
[2025-10-31T05:02:28.929Z] [36mDEBUG[0m:         id: 1
[2025-10-31T05:02:28.929Z] [36mDEBUG[0m:         nombre: Distribuidora Central
[2025-10-31T05:02:28.930Z] [36mDEBUG[0m:         contacto: Juan Pérez
[2025-10-31T05:02:28.931Z] [36mDEBUG[0m:         telefono: 555-0101
[2025-10-31T05:02:28.932Z] [36mDEBUG[0m:         email: ventas@distcentral.com
[2025-10-31T05:02:28.932Z] [36mDEBUG[0m:         direccion: Av. Industrial 123
[2025-10-31T05:02:28.933Z] [36mDEBUG[0m:       [1]:
[2025-10-31T05:02:28.934Z] [36mDEBUG[0m:         id: 2
[2025-10-31T05:02:28.934Z] [36mDEBUG[0m:         nombre: Ferretería Mayorista
[2025-10-31T05:02:28.935Z] [36mDEBUG[0m:         contacto: María García
[2025-10-31T05:02:28.936Z] [36mDEBUG[0m:         telefono: 555-0102
[2025-10-31T05:02:28.936Z] [36mDEBUG[0m:         email: pedidos@ferremayorista.com
[2025-10-31T05:02:28.937Z] [36mDEBUG[0m:         direccion: Calle Comercio 456
[2025-10-31T05:02:28.938Z] [36mDEBUG[0m:       [2]:
[2025-10-31T05:02:28.938Z] [36mDEBUG[0m:         id: 3
[2025-10-31T05:02:28.939Z] [36mDEBUG[0m:         nombre: Suministros Técnicos
[2025-10-31T05:02:28.940Z] [36mDEBUG[0m:         contacto: Carlos López
[2025-10-31T05:02:28.941Z] [36mDEBUG[0m:         telefono: 555-0103
[2025-10-31T05:02:28.941Z] [36mDEBUG[0m:         email: info@sumtecnicos.com
[2025-10-31T05:02:28.942Z] [36mDEBUG[0m:         direccion: Zona Industrial Norte
[2025-10-31T05:02:28.943Z] [36mDEBUG[0m: === FIN RESPUESTA EXITOSA ===

[2025-10-31T05:02:28.944Z] [36mINFO[0m: Obteniendo descripción del servicio SOAP...
[2025-10-31T05:02:40.757Z] [36mINFO[0m: 
Iniciando operación: listarCategorias
[2025-10-31T05:02:40.758Z] [36mINFO[0m: Obteniendo lista de categorías...
[2025-10-31T05:02:40.759Z] [36mDEBUG[0m: Enviando petición SOAP: listarCategorias
[2025-10-31T05:02:40.760Z] [36mDEBUG[0m: Argumentos: {}
[2025-10-31T05:02:40.773Z] [31mERROR[0m: Respuesta de listarCategorias:
[2025-10-31T05:02:40.774Z] [31mERROR[0m: Error HTTP undefined: undefined
[2025-10-31T05:02:40.775Z] [36mDEBUG[0m: Headers: {
  "date": "Fri, 31 Oct 2025 05:02:40 GMT",
  "transfer-encoding": "chunked",
  "content-type": "text/xml; charset=utf-8"
}
[2025-10-31T05:02:40.776Z] [31mERROR[0m: Error en listarCategorias: Error desconocido
[2025-10-31T05:02:40.777Z] [36mDEBUG[0m: Detalles del error: {"response":{"headers":{"date":"Fri, 31 Oct 2025 05:02:40 GMT","transfer-encoding":"chunked","content-type":"text/xml; charset=utf-8"},"data":"<?xml version='1.0' encoding='UTF-8'?><S:Envelope xmlns:S=\"http://schemas.xmlsoap.org/soap/envelope/\"><S:Body>"}}
[2025-10-31T05:02:40.779Z] [36mINFO[0m: Obteniendo descripción del servicio SOAP...
[2025-10-31T05:04:16.811Z] [INFO] Iniciando cliente SOAP
[2025-10-31T05:04:16.818Z] [36mINFO[0m: Iniciando cliente SOAP...
[2025-10-31T05:04:16.818Z] [36mINFO[0m: Conectando a: http://192.168.0.109:8080/InventarioService?wsdl
[2025-10-31T05:04:17.046Z] [36mSUCCESS[0m: Conexión exitosa al servicio SOAP
[2025-10-31T05:04:17.048Z] [36mINFO[0m: Operaciones disponibles:
[2025-10-31T05:04:17.049Z] [36mINFO[0m: Obteniendo descripción del servicio SOAP...
[2025-10-31T05:04:17.051Z] [36mINFO[0m: - verificarEstado
[2025-10-31T05:04:17.052Z] [36mINFO[0m: - insertarArticulo
[2025-10-31T05:04:17.053Z] [36mINFO[0m: - listarCategorias
[2025-10-31T05:04:17.055Z] [36mINFO[0m: - listarProveedores
[2025-10-31T05:04:17.056Z] [36mINFO[0m: - actualizarStock
[2025-10-31T05:04:17.057Z] [36mINFO[0m: - consultarArticulo
[2025-10-31T05:04:17.058Z] [36mINFO[0m: Obteniendo descripción del servicio SOAP...
[2025-10-31T05:04:25.890Z] [36mINFO[0m: 
Iniciando operación: listarCategorias
[2025-10-31T05:04:25.891Z] [36mINFO[0m: Obteniendo lista de categorías...
[2025-10-31T05:04:25.893Z] [36mDEBUG[0m: Enviando petición SOAP: listarCategorias
[2025-10-31T05:04:25.895Z] [36mDEBUG[0m: Argumentos: {}
[2025-10-31T05:04:25.905Z] [36mDEBUG[0m: 
=== INICIO RESPUESTA [2025-10-31T05:04:25.905Z] ===
[2025-10-31T05:04:25.907Z] [36mDEBUG[0m: Operación: listarCategorias
[2025-10-31T05:04:25.909Z] [36mWARN[0m: No se recibió respuesta del servidor
[2025-10-31T05:04:25.911Z] [36mINFO[0m: Obteniendo descripción del servicio SOAP...
[2025-10-31T05:04:25.927Z] [31mERROR[0m: Respuesta de listarCategorias:
[2025-10-31T05:04:25.928Z] [31mERROR[0m: Error HTTP undefined: undefined
[2025-10-31T05:04:25.929Z] [36mDEBUG[0m: Headers: {
  "date": "Fri, 31 Oct 2025 05:04:25 GMT",
  "transfer-encoding": "chunked",
  "content-type": "text/xml; charset=utf-8"
}
[2025-10-31T05:04:25.930Z] [31mERROR[0m: Error en listarCategorias: Error desconocido
[2025-10-31T05:04:25.931Z] [36mDEBUG[0m: Detalles del error: {"response":{"headers":{"date":"Fri, 31 Oct 2025 05:04:25 GMT","transfer-encoding":"chunked","content-type":"text/xml; charset=utf-8"},"data":"<?xml version='1.0' encoding='UTF-8'?><S:Envelope xmlns:S=\"http://schemas.xmlsoap.org/soap/envelope/\"><S:Body>"}}
[2025-10-31T05:04:25.932Z] [36mINFO[0m: Obteniendo descripción del servicio SOAP...
[2025-10-31T05:04:36.585Z] [36mINFO[0m: Obteniendo descripción del servicio SOAP...
[2025-10-31T05:06:42.756Z] [INFO] Iniciando cliente SOAP
[2025-10-31T05:06:42.760Z] [36mINFO[0m: Iniciando cliente SOAP...
[2025-10-31T05:06:42.761Z] [36mINFO[0m: Conectando a: http://192.168.0.109:8080/InventarioService?wsdl
[2025-10-31T05:06:42.995Z] [36mSUCCESS[0m: Conexión exitosa al servicio SOAP
[2025-10-31T05:06:42.996Z] [36mINFO[0m: Operaciones disponibles:
[2025-10-31T05:06:42.997Z] [36mINFO[0m: Obteniendo descripción del servicio SOAP...
[2025-10-31T05:06:42.998Z] [36mINFO[0m: - verificarEstado
[2025-10-31T05:06:42.999Z] [36mINFO[0m: - insertarArticulo
[2025-10-31T05:06:42.999Z] [36mINFO[0m: - listarCategorias
[2025-10-31T05:06:43.000Z] [36mINFO[0m: - listarProveedores
[2025-10-31T05:06:43.001Z] [36mINFO[0m: - actualizarStock
[2025-10-31T05:06:43.002Z] [36mINFO[0m: - consultarArticulo
[2025-10-31T05:06:43.003Z] [36mINFO[0m: Obteniendo descripción del servicio SOAP...
[2025-10-31T05:06:44.813Z] [36mINFO[0m: 
Iniciando operación: listarProveedores
[2025-10-31T05:06:44.814Z] [36mINFO[0m: Obteniendo lista de proveedores...
[2025-10-31T05:06:44.815Z] [36mDEBUG[0m: Enviando petición SOAP: listarProveedores
[2025-10-31T05:06:44.816Z] [36mDEBUG[0m: Argumentos: {}
[2025-10-31T05:06:44.822Z] [36mDEBUG[0m: 
=== INICIO RESPUESTA [2025-10-31T05:06:44.822Z] ===
[2025-10-31T05:06:44.824Z] [36mDEBUG[0m: Operación: listarProveedores
[2025-10-31T05:06:44.825Z] [36mWARN[0m: No se recibió respuesta del servidor
[2025-10-31T05:06:44.827Z] [36mINFO[0m: Obteniendo descripción del servicio SOAP...
[2025-10-31T05:06:44.835Z] [36mDEBUG[0m: Respuesta de listarProveedores:
[2025-10-31T05:06:44.836Z] [36mDEBUG[0m: Respuesta recibida (listarProveedores):
[2025-10-31T05:06:44.837Z] [36mDEBUG[0m: {
  "proveedorListResponse": {
    "proveedores": {
      "proveedor": [
        {
          "id": 1,
          "nombre": "Distribuidora Central",
          "contacto": "Juan Pérez",
          "telefono": "555-0101",
          "email": "ventas@distcentral.com",
          "direccion": "Av. Industrial 123"
        },
        {
          "id": 2,
          "nombre": "Ferretería Mayorista",
          "contacto": "María García",
          "telefono": "555-0102",
          "email": "pedidos@ferremayorista.com",
          "direccion": "Calle Comercio 456"
        },
        {
          "id": 3,
          "nombre": "Suministros Técnicos",
          "contacto": "Carlos López",
          "telefono": "555-0103",
          "email": "info@sumtecnicos.com",
          "direccion": "Zona Industrial Norte"
        }
      ]
    }
  }
}
[2025-10-31T05:07:55.950Z] [INFO] Iniciando cliente SOAP
[2025-10-31T05:07:55.956Z] [36mINFO[0m: Iniciando cliente SOAP...
[2025-10-31T05:07:55.958Z] [36mINFO[0m: Conectando a: http://192.168.0.109:8080/InventarioService?wsdl
[2025-10-31T05:07:56.176Z] [36mSUCCESS[0m: Conexión exitosa al servicio SOAP
[2025-10-31T05:07:56.178Z] [36mINFO[0m: Operaciones disponibles:
[2025-10-31T05:07:56.179Z] [36mINFO[0m: Obteniendo descripción del servicio SOAP...
[2025-10-31T05:07:56.180Z] [36mINFO[0m: - verificarEstado
[2025-10-31T05:07:56.181Z] [36mINFO[0m: - insertarArticulo
[2025-10-31T05:07:56.182Z] [36mINFO[0m: - listarCategorias
[2025-10-31T05:07:56.182Z] [36mINFO[0m: - listarProveedores
[2025-10-31T05:07:56.183Z] [36mINFO[0m: - actualizarStock
[2025-10-31T05:07:56.184Z] [36mINFO[0m: - consultarArticulo
[2025-10-31T05:07:56.185Z] [36mINFO[0m: Obteniendo descripción del servicio SOAP...
[2025-10-31T05:07:58.989Z] [36mINFO[0m: 
Iniciando operación: listarProveedores
[2025-10-31T05:07:58.990Z] [36mINFO[0m: Obteniendo lista de proveedores...
[2025-10-31T05:07:58.992Z] [36mDEBUG[0m: 
=== Intento 1 de 3 - listarProveedores ===
[2025-10-31T05:07:58.993Z] [31mERROR[0m: 
❌ Error en listarProveedores (Intento 1/3):
[2025-10-31T05:07:58.994Z] [31mERROR[0m: Mensaje: client is not defined
[2025-10-31T05:07:58.995Z] [36mWARN[0m: 
🔄 Reintentando en 1 segundos... (2/3)

[2025-10-31T05:08:00.005Z] [36mDEBUG[0m: 
=== Intento 2 de 3 - listarProveedores ===
[2025-10-31T05:08:00.009Z] [31mERROR[0m: 
❌ Error en listarProveedores (Intento 2/3):
[2025-10-31T05:08:00.011Z] [31mERROR[0m: Mensaje: client is not defined
[2025-10-31T05:08:00.013Z] [36mWARN[0m: 
🔄 Reintentando en 2 segundos... (3/3)

[2025-10-31T05:08:02.016Z] [36mDEBUG[0m: 
=== Intento 3 de 3 - listarProveedores ===
[2025-10-31T05:08:02.019Z] [31mERROR[0m: 
❌ Error en listarProveedores (Intento 3/3):
[2025-10-31T05:08:02.021Z] [31mERROR[0m: Mensaje: client is not defined
[2025-10-31T05:08:02.022Z] [31mERROR[0m: 
❌ Se agotaron los 3 intentos para listarProveedores

[2025-10-31T05:08:02.023Z] [31mERROR[0m: Error al obtener proveedores: client is not defined
[2025-10-31T05:08:02.026Z] [36mDEBUG[0m: 
=== INICIO RESPUESTA [2025-10-31T05:08:02.026Z] ===
[2025-10-31T05:08:02.027Z] [36mDEBUG[0m: Operación: listarProveedores
[2025-10-31T05:08:02.031Z] [31mERROR[0m: Error en listarProveedores: ReferenceError - client is not defined
Detalles del error: {
  "message": "client is not defined",
  "name": "ReferenceError",
  "stack": "ReferenceError: client is not defined\n    at executeWithLogging (C:\\Users\\User\\Desktop\\Inventario_SOA\\cliente-node\\index.js:108:22)\n    at async executeOperation (C:\\Users\\User\\Desktop\\Inventario_SOA\\cliente-node\\index.js:1029:24)"
}

[2025-10-31T05:08:02.034Z] [36mDEBUG[0m: Detalles completos del error: {
  "timestamp": "2025-10-31T05:08:02.026Z",
  "operation": "listarProveedores",
  "error": {
    "name": "ReferenceError",
    "message": "client is not defined",
    "stack": "ReferenceError: client is not defined\n    at executeWithLogging (C:\\Users\\User\\Desktop\\Inventario_SOA\\cliente-node\\index.js:108:22)\n    at async executeOperation (C:\\Users\\User\\Desktop\\Inventario_SOA\\cliente-node\\index.js:1029:24)"
  },
  "rawError": {}
}
[2025-10-31T05:08:02.035Z] [36mDEBUG[0m: === FIN RESPUESTA CON ERROR ===

[2025-10-31T05:08:02.037Z] [36mINFO[0m: Obteniendo descripción del servicio SOAP...
[2025-10-31T05:09:56.236Z] [INFO] Iniciando cliente SOAP
[2025-10-31T05:09:56.242Z] [36mINFO[0m: Iniciando cliente SOAP...
[2025-10-31T05:09:56.242Z] [36mINFO[0m: Conectando a: http://192.168.0.109:8080/InventarioService?wsdl
[2025-10-31T05:09:56.476Z] [36mSUCCESS[0m: Conexión exitosa al servicio SOAP
[2025-10-31T05:09:56.478Z] [36mINFO[0m: Operaciones disponibles:
[2025-10-31T05:09:56.479Z] [36mINFO[0m: Obteniendo descripción del servicio SOAP...
[2025-10-31T05:09:56.481Z] [36mINFO[0m: - verificarEstado
[2025-10-31T05:09:56.481Z] [36mINFO[0m: - insertarArticulo
[2025-10-31T05:09:56.482Z] [36mINFO[0m: - listarCategorias
[2025-10-31T05:09:56.484Z] [36mINFO[0m: - listarProveedores
[2025-10-31T05:09:56.485Z] [36mINFO[0m: - actualizarStock
[2025-10-31T05:09:56.487Z] [36mINFO[0m: - consultarArticulo
[2025-10-31T05:09:56.488Z] [36mINFO[0m: Obteniendo descripción del servicio SOAP...
[2025-10-31T05:09:57.678Z] [36mINFO[0m: 
Iniciando operación: listarProveedores
[2025-10-31T05:09:57.679Z] [36mINFO[0m: Obteniendo lista de proveedores...
[2025-10-31T05:09:57.680Z] [36mDEBUG[0m: Enviando petición SOAP: listarProveedores
[2025-10-31T05:09:57.681Z] [36mDEBUG[0m: Argumentos: {}
[2025-10-31T05:09:57.698Z] [36mDEBUG[0m: Respuesta de listarProveedores:
[2025-10-31T05:09:57.698Z] [36mDEBUG[0m: Respuesta recibida (listarProveedores):
[2025-10-31T05:09:57.700Z] [36mDEBUG[0m: {
  "proveedorListResponse": {
    "proveedores": {
      "proveedor": [
        {
          "id": 1,
          "nombre": "Distribuidora Central",
          "contacto": "Juan Pérez",
          "telefono": "555-0101",
          "email": "ventas@distcentral.com",
          "direccion": "Av. Industrial 123"
        },
        {
          "id": 2,
          "nombre": "Ferretería Mayorista",
          "contacto": "María García",
          "telefono": "555-0102",
          "email": "pedidos@ferremayorista.com",
          "direccion": "Calle Comercio 456"
        },
        {
          "id": 3,
          "nombre": "Suministros Técnicos",
          "contacto": "Carlos López",
          "telefono": "555-0103",
          "email": "info@sumtecnicos.com",
          "direccion": "Zona Industrial Norte"
        }
      ]
    }
  }
}
[2025-10-31T05:09:57.701Z] [36mDEBUG[0m: 
=== INICIO RESPUESTA [2025-10-31T05:09:57.701Z] ===
[2025-10-31T05:09:57.702Z] [36mDEBUG[0m: Operación: No especificada
[2025-10-31T05:09:57.707Z] [36mSUCCESS[0m: ✅ Operación completada exitosamente
[2025-10-31T05:09:57.708Z] [36mDEBUG[0m: 
📊 Metadatos adicionales:
[2025-10-31T05:09:57.710Z] [36mDEBUG[0m: proveedorListResponse:
[2025-10-31T05:09:57.713Z] [36mDEBUG[0m:   proveedores:
[2025-10-31T05:09:57.714Z] [36mDEBUG[0m:     proveedor:
[2025-10-31T05:09:57.715Z] [36mDEBUG[0m:       [0]:
[2025-10-31T05:09:57.716Z] [36mDEBUG[0m:         id: 1
[2025-10-31T05:09:57.717Z] [36mDEBUG[0m:         nombre: Distribuidora Central
[2025-10-31T05:09:57.719Z] [36mDEBUG[0m:         contacto: Juan Pérez
[2025-10-31T05:09:57.721Z] [36mDEBUG[0m:         telefono: 555-0101
[2025-10-31T05:09:57.723Z] [36mDEBUG[0m:         email: ventas@distcentral.com
[2025-10-31T05:09:57.726Z] [36mDEBUG[0m:         direccion: Av. Industrial 123
[2025-10-31T05:09:57.727Z] [36mDEBUG[0m:       [1]:
[2025-10-31T05:09:57.727Z] [36mDEBUG[0m:         id: 2
[2025-10-31T05:09:57.728Z] [36mDEBUG[0m:         nombre: Ferretería Mayorista
[2025-10-31T05:09:57.729Z] [36mDEBUG[0m:         contacto: María García
[2025-10-31T05:09:57.729Z] [36mDEBUG[0m:         telefono: 555-0102
[2025-10-31T05:09:57.731Z] [36mDEBUG[0m:         email: pedidos@ferremayorista.com
[2025-10-31T05:09:57.731Z] [36mDEBUG[0m:         direccion: Calle Comercio 456
[2025-10-31T05:09:57.732Z] [36mDEBUG[0m:       [2]:
[2025-10-31T05:09:57.733Z] [36mDEBUG[0m:         id: 3
[2025-10-31T05:09:57.734Z] [36mDEBUG[0m:         nombre: Suministros Técnicos
[2025-10-31T05:09:57.735Z] [36mDEBUG[0m:         contacto: Carlos López
[2025-10-31T05:09:57.738Z] [36mDEBUG[0m:         telefono: 555-0103
[2025-10-31T05:09:57.740Z] [36mDEBUG[0m:         email: info@sumtecnicos.com
[2025-10-31T05:09:57.742Z] [36mDEBUG[0m:         direccion: Zona Industrial Norte
[2025-10-31T05:09:57.744Z] [36mDEBUG[0m: === FIN RESPUESTA EXITOSA ===

[2025-10-31T05:09:57.745Z] [36mINFO[0m: Obteniendo descripción del servicio SOAP...
[2025-10-31T05:10:05.102Z] [36mINFO[0m: 
Iniciando operación: listarCategorias
[2025-10-31T05:10:05.103Z] [36mINFO[0m: Obteniendo lista de categorías...
[2025-10-31T05:10:05.104Z] [36mDEBUG[0m: Enviando petición SOAP: listarCategorias
[2025-10-31T05:10:05.105Z] [36mDEBUG[0m: Argumentos: {}
[2025-10-31T05:10:05.119Z] [31mERROR[0m: Respuesta de listarCategorias:
[2025-10-31T05:10:05.121Z] [31mERROR[0m: Error HTTP undefined: undefined
[2025-10-31T05:10:05.122Z] [36mDEBUG[0m: Headers: {
  "date": "Fri, 31 Oct 2025 05:10:05 GMT",
  "transfer-encoding": "chunked",
  "content-type": "text/xml; charset=utf-8"
}
[2025-10-31T05:10:05.123Z] [31mERROR[0m: Error en listarCategorias: Error desconocido
[2025-10-31T05:10:05.124Z] [36mDEBUG[0m: Detalles del error: {"response":{"headers":{"date":"Fri, 31 Oct 2025 05:10:05 GMT","transfer-encoding":"chunked","content-type":"text/xml; charset=utf-8"},"data":"<?xml version='1.0' encoding='UTF-8'?><S:Envelope xmlns:S=\"http://schemas.xmlsoap.org/soap/envelope/\"><S:Body>"}}
[2025-10-31T05:10:05.126Z] [36mINFO[0m: Obteniendo descripción del servicio SOAP...
[2025-10-31T05:12:48.688Z] [INFO] Iniciando cliente SOAP
[2025-10-31T05:12:48.693Z] [36mINFO[0m: Iniciando cliente SOAP...
[2025-10-31T05:12:48.694Z] [36mINFO[0m: Conectando a: http://192.168.0.109:8080/InventarioService?wsdl
[2025-10-31T05:12:49.015Z] [36mSUCCESS[0m: Conexión exitosa al servicio SOAP
[2025-10-31T05:12:49.017Z] [36mINFO[0m: Operaciones disponibles:
[2025-10-31T05:12:49.019Z] [36mINFO[0m: Obteniendo descripción del servicio SOAP...
[2025-10-31T05:12:49.021Z] [36mINFO[0m: - listarCategorias
[2025-10-31T05:12:49.022Z] [36mINFO[0m: - listarProveedores
[2025-10-31T05:12:49.025Z] [36mINFO[0m: - insertarArticulo
[2025-10-31T05:12:49.026Z] [36mINFO[0m: - actualizarStock
[2025-10-31T05:12:49.026Z] [36mINFO[0m: - verificarEstado
[2025-10-31T05:12:49.027Z] [36mINFO[0m: - consultarArticulo
[2025-10-31T05:12:49.028Z] [36mINFO[0m: Obteniendo descripción del servicio SOAP...
[2025-10-31T05:12:52.432Z] [36mINFO[0m: 
Iniciando operación: listarCategorias
[2025-10-31T05:12:52.434Z] [36mINFO[0m: Obteniendo lista de categorías...
[2025-10-31T05:12:52.435Z] [36mDEBUG[0m: Enviando petición SOAP: listarCategorias
[2025-10-31T05:12:52.435Z] [36mDEBUG[0m: Argumentos: {}
[2025-10-31T05:12:52.572Z] [36mDEBUG[0m: Respuesta de listarCategorias:
[2025-10-31T05:12:52.573Z] [36mDEBUG[0m: Respuesta recibida (listarCategorias):
[2025-10-31T05:12:52.574Z] [36mDEBUG[0m: {
  "categoriaListResponse": {
    "categorias": {
      "categoria": [
        {
          "id": 3,
          "nombre": "Electricidad",
          "descripcion": "Cables, interruptores, enchufes, etc."
        },
        {
          "id": 2,
          "nombre": "Ferretería General",
          "descripcion": "Tornillos, tuercas, clavos, etc."
        },
        {
          "id": 1,
          "nombre": "Herramientas Manuales",
          "descripcion": "Martillos, destornilladores, llaves, etc."
        },
        {
          "id": 5,
          "nombre": "Pintura",
          "descripcion": "Pinturas, brochas, rodillos, etc."
        },
        {
          "id": 4,
          "nombre": "Plomería",
          "descripcion": "Tuberías, llaves, accesorios de baño, etc."
        }
      ]
    }
  }
}
[2025-10-31T05:12:52.576Z] [36mDEBUG[0m: 
=== INICIO RESPUESTA [2025-10-31T05:12:52.576Z] ===
[2025-10-31T05:12:52.577Z] [36mDEBUG[0m: Operación: No especificada
[2025-10-31T05:12:52.582Z] [36mSUCCESS[0m: ✅ Operación completada exitosamente
[2025-10-31T05:12:52.583Z] [36mDEBUG[0m: 
📊 Metadatos adicionales:
[2025-10-31T05:12:52.584Z] [36mDEBUG[0m: categoriaListResponse:
[2025-10-31T05:12:52.584Z] [36mDEBUG[0m:   categorias:
[2025-10-31T05:12:52.585Z] [36mDEBUG[0m:     categoria:
[2025-10-31T05:12:52.586Z] [36mDEBUG[0m:       [0]:
[2025-10-31T05:12:52.586Z] [36mDEBUG[0m:         id: 3
[2025-10-31T05:12:52.587Z] [36mDEBUG[0m:         nombre: Electricidad
[2025-10-31T05:12:52.587Z] [36mDEBUG[0m:         descripcion: Cables, interruptores, enchufes, etc.
[2025-10-31T05:12:52.589Z] [36mDEBUG[0m:       [1]:
[2025-10-31T05:12:52.590Z] [36mDEBUG[0m:         id: 2
[2025-10-31T05:12:52.591Z] [36mDEBUG[0m:         nombre: Ferretería General
[2025-10-31T05:12:52.592Z] [36mDEBUG[0m:         descripcion: Tornillos, tuercas, clavos, etc.
[2025-10-31T05:12:52.592Z] [36mDEBUG[0m:       [2]:
[2025-10-31T05:12:52.593Z] [36mDEBUG[0m:         id: 1
[2025-10-31T05:12:52.593Z] [36mDEBUG[0m:         nombre: Herramientas Manuales
[2025-10-31T05:12:52.594Z] [36mDEBUG[0m:         descripcion: Martillos, destornilladores, llaves, etc.
[2025-10-31T05:12:52.594Z] [36mDEBUG[0m:       [3]:
[2025-10-31T05:12:52.595Z] [36mDEBUG[0m:         id: 5
[2025-10-31T05:12:52.595Z] [36mDEBUG[0m:         nombre: Pintura
[2025-10-31T05:12:52.596Z] [36mDEBUG[0m:         descripcion: Pinturas, brochas, rodillos, etc.
[2025-10-31T05:12:52.597Z] [36mDEBUG[0m:       [4]:
[2025-10-31T05:12:52.598Z] [36mDEBUG[0m:         id: 4
[2025-10-31T05:12:52.600Z] [36mDEBUG[0m:         nombre: Plomería
[2025-10-31T05:12:52.600Z] [36mDEBUG[0m:         descripcion: Tuberías, llaves, accesorios de baño, etc.
[2025-10-31T05:12:52.601Z] [36mDEBUG[0m: === FIN RESPUESTA EXITOSA ===

[2025-10-31T05:12:52.602Z] [36mINFO[0m: Obteniendo descripción del servicio SOAP...
[2025-10-31T05:13:02.453Z] [36mINFO[0m: 
Iniciando operación: insertarArticulo
[2025-10-31T05:14:34.738Z] [INFO] === INICIANDO CONSULTA DE CATEGORÍAS ===
[2025-10-31T05:14:34.740Z] [DEBUG] Enviando petición SOAP para listar categorías
[2025-10-31T05:14:34.760Z] [DEBUG] Respuesta cruda de listarCategorias: {
  "categoriaListResponse": {
    "categorias": {
      "categoria": [
        {
          "id": 3,
          "nombre": "Electricidad",
          "descripcion": "Cables, interruptores, enchufes, etc."
        },
        {
          "id": 2,
          "nombre": "Ferretería General",
          "descripcion": "Tornillos, tuercas, clavos, etc."
        },
        {
          "id": 1,
          "nombre": "Herramientas Manuales",
          "descripcion": "Martillos, destornilladores, llaves, etc."
        },
        {
          "id": 5,
          "nombre": "Pintura",
          "descripcion": "Pinturas, brochas, rodillos, etc."
        },
        {
          "id": 4,
          "nombre": "Plomería",
          "descripcion": "Tuberías, llaves, accesorios de baño, etc."
        }
      ]
    }
  }
}
[2025-10-31T05:14:34.760Z] [INFO] Categorías obtenidas: 0
[2025-10-31T05:14:45.739Z] [INFO] === INICIANDO CONSULTA DE PROVEEDORES ===
[2025-10-31T05:14:45.741Z] [DEBUG] Enviando petición SOAP para listar proveedores
[2025-10-31T05:14:45.764Z] [DEBUG] Respuesta cruda de listarProveedores: {
  "proveedorListResponse": {
    "proveedores": {
      "proveedor": [
        {
          "id": 1,
          "nombre": "Distribuidora Central",
          "contacto": "Juan Pérez",
          "telefono": "555-0101",
          "email": "ventas@distcentral.com",
          "direccion": "Av. Industrial 123"
        },
        {
          "id": 2,
          "nombre": "Ferretería Mayorista",
          "contacto": "María García",
          "telefono": "555-0102",
          "email": "pedidos@ferremayorista.com",
          "direccion": "Calle Comercio 456"
        },
        {
          "id": 3,
          "nombre": "Suministros Técnicos",
          "contacto": "Carlos López",
          "telefono": "555-0103",
          "email": "info@sumtecnicos.com",
          "direccion": "Zona Industrial Norte"
        }
      ]
    }
  }
}
[2025-10-31T05:14:45.765Z] [INFO] Proveedores obtenidos: 0
[2025-10-31T05:14:45.767Z] [INFO] No se encontraron proveedores
[2025-10-31T05:15:28.325Z] [INFO] Iniciando cliente SOAP
[2025-10-31T05:15:28.331Z] [36mINFO[0m: Iniciando cliente SOAP...
[2025-10-31T05:15:28.331Z] [36mINFO[0m: Conectando a: http://192.168.0.109:8080/InventarioService?wsdl
[2025-10-31T05:15:28.660Z] [36mSUCCESS[0m: Conexión exitosa al servicio SOAP
[2025-10-31T05:15:28.662Z] [36mINFO[0m: Operaciones disponibles:
[2025-10-31T05:15:28.662Z] [36mINFO[0m: Obteniendo descripción del servicio SOAP...
[2025-10-31T05:15:28.664Z] [36mINFO[0m: - listarCategorias
[2025-10-31T05:15:28.664Z] [36mINFO[0m: - listarProveedores
[2025-10-31T05:15:28.666Z] [36mINFO[0m: - insertarArticulo
[2025-10-31T05:15:28.667Z] [36mINFO[0m: - actualizarStock
[2025-10-31T05:15:28.669Z] [36mINFO[0m: - verificarEstado
[2025-10-31T05:15:28.671Z] [36mINFO[0m: - consultarArticulo
[2025-10-31T05:15:28.673Z] [36mINFO[0m: Obteniendo descripción del servicio SOAP...
[2025-10-31T05:19:32.695Z] [36mINFO[0m: 
Iniciando operación: listarCategorias
[2025-10-31T05:19:32.696Z] [36mINFO[0m: Obteniendo lista de categorías...
[2025-10-31T05:19:32.697Z] [36mDEBUG[0m: Enviando petición SOAP: listarCategorias
[2025-10-31T05:19:32.698Z] [36mDEBUG[0m: Argumentos: {}
[2025-10-31T05:19:34.743Z] [31mERROR[0m: Respuesta de listarCategorias:
[2025-10-31T05:19:34.746Z] [31mERROR[0m: Error: connect ECONNREFUSED 192.168.0.109:8080
[2025-10-31T05:19:34.747Z] [36mDEBUG[0m: Tipo: Error
[2025-10-31T05:19:34.749Z] [36mDEBUG[0m: Código: ECONNREFUSED
[2025-10-31T05:19:34.750Z] [36mDEBUG[0m: Número de error: -4078
[2025-10-31T05:19:34.751Z] [36mDEBUG[0m: Llamada al sistema: connect
[2025-10-31T05:19:34.753Z] [36mDEBUG[0m: Dirección: 192.168.0.109
[2025-10-31T05:19:34.754Z] [36mDEBUG[0m: Puerto: 8080
[2025-10-31T05:19:34.756Z] [36mDEBUG[0m: Stack trace (primeras 5 líneas):
[2025-10-31T05:19:34.757Z] [36mDEBUG[0m: Error: connect ECONNREFUSED 192.168.0.109:8080
    at TCPConnectWrap.afterConnect [as oncomplete] (node:net:1636:16)
...
[2025-10-31T05:19:34.759Z] [31mERROR[0m: Error en listarCategorias: connect ECONNREFUSED 192.168.0.109:8080
[2025-10-31T05:19:34.760Z] [36mDEBUG[0m: Detalles del error: {"name":"Error","message":"connect ECONNREFUSED 192.168.0.109:8080","code":"ECONNREFUSED","stack":"Error: connect ECONNREFUSED 192.168.0.109:8080\n    at TCPConnectWrap.afterConnect [as oncomplete] (node:net:1636:16)..."}
[2025-10-31T05:19:34.761Z] [36mINFO[0m: Obteniendo descripción del servicio SOAP...
